09/02/2022 00:52:17: Email com o formato inválido
09/02/2022 00:59:17: Chassi deve ter 17 caracteres
09/02/2022 00:59:24: An error occurred while saving the entity changes. See the inner exception for details.
09/02/2022 01:00:25: An error occurred while saving the entity changes. See the inner exception for details.
09/02/2022 01:03:50: The property 'Veiculo.veiculoId' is part of a key and so cannot be modified or marked as modified. To change the principal of an existing entity with an identifying foreign key, first delete the dependent and invoke 'SaveChanges', and then associate the dependent with the new principal.
09/02/2022 01:07:42: O salário deve ser igual ou maior que o salario mínimo
09/02/2022 01:07:48: O salário deve ser igual ou maior que o salario mínimo
09/02/2022 01:12:48: O salário deve ser igual ou maior que o salario mínimo
09/02/2022 01:12:57: O salário deve ser igual ou maior que o salario mínimo
09/02/2022 01:31:03: CPF deve ter 11 numeros e o CNPJ 14 numeros
09/02/2022 01:32:03: Chassi deve ter 17 caracteres
09/02/2022 01:32:04: Chassi deve ter 17 caracteres
09/02/2022 01:32:04: Chassi deve ter 17 caracteres
09/02/2022 01:34:19: CPF deve ter 11 numeros e o CNPJ 14 numeros
09/02/2022 01:34:19: Chassi deve ter 17 caracteres
09/02/2022 14:23:21: Veiculo nao encontrado
09/02/2022 16:31:59: Email com o formato inválido
09/02/2022 16:34:31: Chassi deve ter 17 caracteres
09/02/2022 16:34:56: Ano do veiculo deve ser menor que 2022
09/02/2022 20:05:07: Email com o formato inválido
09/02/2022 20:27:57: Proprietario nao existe
09/02/2022 21:00:38: Email com o formato inválido
09/02/2022 21:02:07: Email com o formato inválido
09/02/2022 21:02:16: Email com o formato inválido
09/02/2022 21:03:09: Email com o formato inválido
09/02/2022 21:04:01: Email com o formato inválido
09/02/2022 21:04:17: Numero da casa não pode ser superior a 9999
<<<<<<< HEAD
10/02/2022 00:16:03: CPF deve ter 11 numeros e o CNPJ 14 numeros
10/02/2022 00:18:24: Nenhuma conexão pôde ser feita porque a máquina de destino as recusou ativamente. 127.0.0.1:50000
=======
UTC 10/02/2022 00:32:39: Chassi deve ter 17 caracteres
>>>>>>> 5c9a9ca3a53552a50b59da663e03bcb5b1e875d2
